This is pdfTeX, Version 3.141592653-2.6-1.40.25 (TeX Live 2023) (preloaded format=pdflatex 2023.11.27)  31 JAN 2026 13:17
entering extended mode
 restricted \write18 enabled.
 file:line:error style messages enabled.
 %&-line parsing enabled.
**policy_implications.tex
(./policy_implications.tex
LaTeX2e <2022-11-01> patch level 1
L3 programming layer <2023-02-22>

./policy_implications.tex:1: LaTeX Error: Environment table undefined.

See the LaTeX manual or LaTeX Companion for explanation.
Type  H <return>  for immediate help.
 ...                                              
                                                  
l.1 \begin{table}
                 [!ht]
? 
./policy_implications.tex:1: Emergency stop.
 ...                                              
                                                  
l.1 \begin{table}
                 [!ht]
Your command was ignored.
Type  I <command> <return>  to replace it with another command,
or  <return>  to continue without it.

 
Here is how much of TeX's memory you used:
 17 strings out of 476025
 567 string characters out of 5790016
 1849388 words of memory out of 5000000
 20569 multiletter control sequences out of 15000+600000
 512287 words of font info for 32 fonts, out of 8000000 for 9000
 1141 hyphenation exceptions out of 8191
 13i,0n,12p,73b,16s stack positions out of 10000i,1000n,20000p,200000b,200000s
./policy_implications.tex:1:  ==> Fatal error occurred, no output PDF file prod
uced!
